[     265ms] [LOG] [Fast Refresh] rebuilding @ http://localhost:3000/_next/static/chunks/0lpp_next_dist_0y3bfsx._.js:2431
[     403ms] [LOG] [Fast Refresh] done in 254ms @ http://localhost:3000/_next/static/chunks/0lpp_next_dist_0y3bfsx._.js:2431
[     535ms] [INFO] %cDownload the React DevTools for a better development experience: https://react.dev/link/react-devtools font-weight:bold @ http://localhost:3000/_next/static/chunks/0lpp_next_dist_0y3bfsx._.js:2431
[     598ms] [LOG] [HMR] connected @ http://localhost:3000/_next/static/chunks/0lpp_next_dist_0y3bfsx._.js:2431
[   16499ms] [LOG] [Fast Refresh] rebuilding @ http://localhost:3000/_next/static/chunks/0lpp_next_dist_0y3bfsx._.js:2431
[   16526ms] [LOG] [Fast Refresh] done in 113ms @ http://localhost:3000/_next/static/chunks/0lpp_next_dist_0y3bfsx._.js:2431
[   16641ms] [LOG] [Fast Refresh] rebuilding @ http://localhost:3000/_next/static/chunks/0lpp_next_dist_0y3bfsx._.js:2431
[   16712ms] [LOG] [Fast Refresh] done in 186ms @ http://localhost:3000/_next/static/chunks/0lpp_next_dist_0y3bfsx._.js:2431
[   64183ms] [LOG] [Fast Refresh] rebuilding @ http://localhost:3000/_next/static/chunks/0lpp_next_dist_0y3bfsx._.js:2431
[   64199ms] [LOG] [Fast Refresh] done in 105ms @ http://localhost:3000/_next/static/chunks/0lpp_next_dist_0y3bfsx._.js:2431
[   81613ms] [LOG] [Fast Refresh] rebuilding @ http://localhost:3000/_next/static/chunks/0lpp_next_dist_0y3bfsx._.js:2431
[   81640ms] [LOG] [Fast Refresh] done in 132ms @ http://localhost:3000/_next/static/chunks/0lpp_next_dist_0y3bfsx._.js:2431
[   81754ms] [LOG] [Fast Refresh] rebuilding @ http://localhost:3000/_next/static/chunks/0lpp_next_dist_0y3bfsx._.js:2431
[   81895ms] [LOG] [Fast Refresh] done in 249ms @ http://localhost:3000/_next/static/chunks/0lpp_next_dist_0y3bfsx._.js:2431
[   99877ms] [LOG] [Fast Refresh] rebuilding @ http://localhost:3000/_next/static/chunks/0lpp_next_dist_0y3bfsx._.js:2431
[  102253ms] [LOG] [Fast Refresh] done in 2490ms @ http://localhost:3000/_next/static/chunks/0lpp_next_dist_0y3bfsx._.js:2431
[  102356ms] [LOG] [Fast Refresh] rebuilding @ http://localhost:3000/_next/static/chunks/0lpp_next_dist_0y3bfsx._.js:2431
[  102434ms] [LOG] [Fast Refresh] done in 179ms @ http://localhost:3000/_next/static/chunks/0lpp_next_dist_0y3bfsx._.js:2431
[  102539ms] [LOG] [Fast Refresh] rebuilding @ http://localhost:3000/_next/static/chunks/0lpp_next_dist_0y3bfsx._.js:2431
[  102561ms] [LOG] [Fast Refresh] done in 124ms @ http://localhost:3000/_next/static/chunks/0lpp_next_dist_0y3bfsx._.js:2431
[  102708ms] [LOG] [Fast Refresh] rebuilding @ http://localhost:3000/_next/static/chunks/0lpp_next_dist_0y3bfsx._.js:2431
[  102750ms] [LOG] [Fast Refresh] done in 147ms @ http://localhost:3000/_next/static/chunks/0lpp_next_dist_0y3bfsx._.js:2431
[  102862ms] [LOG] [Fast Refresh] rebuilding @ http://localhost:3000/_next/static/chunks/0lpp_next_dist_0y3bfsx._.js:2431
[  103019ms] [LOG] [Fast Refresh] done in 263ms @ http://localhost:3000/_next/static/chunks/0lpp_next_dist_0y3bfsx._.js:2431
[  105150ms] [LOG] [Fast Refresh] rebuilding @ http://localhost:3000/_next/static/chunks/0lpp_next_dist_0y3bfsx._.js:2431
[  105447ms] [LOG] [Fast Refresh] done in 200ms @ http://localhost:3000/_next/static/chunks/0lpp_next_dist_0y3bfsx._.js:2431
[  118166ms] [LOG] [Fast Refresh] rebuilding @ http://localhost:3000/_next/static/chunks/0lpp_next_dist_0y3bfsx._.js:2431
[  118884ms] [LOG] [Fast Refresh] done in 830ms @ http://localhost:3000/_next/static/chunks/0lpp_next_dist_0y3bfsx._.js:2431
[  118998ms] [LOG] [Fast Refresh] rebuilding @ http://localhost:3000/_next/static/chunks/0lpp_next_dist_0y3bfsx._.js:2431
[  119227ms] [LOG] [Fast Refresh] done in 343ms @ http://localhost:3000/_next/static/chunks/0lpp_next_dist_0y3bfsx._.js:2431
[  120462ms] [LOG] [Fast Refresh] rebuilding @ http://localhost:3000/_next/static/chunks/0lpp_next_dist_0y3bfsx._.js:2431
[  120605ms] [LOG] [Fast Refresh] done in 96ms @ http://localhost:3000/_next/static/chunks/0lpp_next_dist_0y3bfsx._.js:2431
[  276039ms] [LOG] [Fast Refresh] rebuilding @ http://localhost:3000/_next/static/chunks/0lpp_next_dist_0y3bfsx._.js:2431
[  277160ms] [LOG] [Fast Refresh] done in 1224ms @ http://localhost:3000/_next/static/chunks/0lpp_next_dist_0y3bfsx._.js:2431
[  277378ms] [LOG] [Fast Refresh] rebuilding @ http://localhost:3000/_next/static/chunks/0lpp_next_dist_0y3bfsx._.js:2431
[  277441ms] [LOG] [Fast Refresh] done in 182ms @ http://localhost:3000/_next/static/chunks/0lpp_next_dist_0y3bfsx._.js:2431
[  282533ms] [LOG] [Fast Refresh] rebuilding @ http://localhost:3000/_next/static/chunks/0lpp_next_dist_0y3bfsx._.js:2431
[  283958ms] [LOG] [Fast Refresh] done in 1450ms @ http://localhost:3000/_next/static/chunks/0lpp_next_dist_0y3bfsx._.js:2431
[  288134ms] [LOG] [Fast Refresh] rebuilding @ http://localhost:3000/_next/static/chunks/0lpp_next_dist_0y3bfsx._.js:2431
[  288179ms] [LOG] [Fast Refresh] done in 134ms @ http://localhost:3000/_next/static/chunks/0lpp_next_dist_0y3bfsx._.js:2431
[  288285ms] [LOG] [Fast Refresh] rebuilding @ http://localhost:3000/_next/static/chunks/0lpp_next_dist_0y3bfsx._.js:2431
[  288372ms] [LOG] [Fast Refresh] done in 192ms @ http://localhost:3000/_next/static/chunks/0lpp_next_dist_0y3bfsx._.js:2431
[  293402ms] [LOG] [Fast Refresh] rebuilding @ http://localhost:3000/_next/static/chunks/0lpp_next_dist_0y3bfsx._.js:2431
[  293660ms] [LOG] [Fast Refresh] done in 108ms @ http://localhost:3000/_next/static/chunks/0lpp_next_dist_0y3bfsx._.js:2431
[  297660ms] [LOG] [Fast Refresh] rebuilding @ http://localhost:3000/_next/static/chunks/0lpp_next_dist_0y3bfsx._.js:2431
[  297682ms] [LOG] [Fast Refresh] done in 129ms @ http://localhost:3000/_next/static/chunks/0lpp_next_dist_0y3bfsx._.js:2431
[  300053ms] [LOG] [Fast Refresh] rebuilding @ http://localhost:3000/_next/static/chunks/0lpp_next_dist_0y3bfsx._.js:2431
[  300292ms] [LOG] [Fast Refresh] done in 104ms @ http://localhost:3000/_next/static/chunks/0lpp_next_dist_0y3bfsx._.js:2431
[  304448ms] [LOG] [Fast Refresh] rebuilding @ http://localhost:3000/_next/static/chunks/0lpp_next_dist_0y3bfsx._.js:2431
[  304459ms] [LOG] [Fast Refresh] done in 108ms @ http://localhost:3000/_next/static/chunks/0lpp_next_dist_0y3bfsx._.js:2431
[  304567ms] [LOG] [Fast Refresh] rebuilding @ http://localhost:3000/_next/static/chunks/0lpp_next_dist_0y3bfsx._.js:2431
[  304627ms] [LOG] [Fast Refresh] done in 166ms @ http://localhost:3000/_next/static/chunks/0lpp_next_dist_0y3bfsx._.js:2431
[  309387ms] [LOG] [Fast Refresh] rebuilding @ http://localhost:3000/_next/static/chunks/0lpp_next_dist_0y3bfsx._.js:2431
[  309417ms] [LOG] [Fast Refresh] done in 126ms @ http://localhost:3000/_next/static/chunks/0lpp_next_dist_0y3bfsx._.js:2431
[  309527ms] [LOG] [Fast Refresh] rebuilding @ http://localhost:3000/_next/static/chunks/0lpp_next_dist_0y3bfsx._.js:2431
[  309634ms] [LOG] [Fast Refresh] done in 212ms @ http://localhost:3000/_next/static/chunks/0lpp_next_dist_0y3bfsx._.js:2431
[  313815ms] [LOG] [Fast Refresh] rebuilding @ http://localhost:3000/_next/static/chunks/0lpp_next_dist_0y3bfsx._.js:2431
[  313830ms] [LOG] [Fast Refresh] done in 82ms @ http://localhost:3000/_next/static/chunks/0lpp_next_dist_0y3bfsx._.js:2431
[  313939ms] [LOG] [Fast Refresh] rebuilding @ http://localhost:3000/_next/static/chunks/0lpp_next_dist_0y3bfsx._.js:2431
[  314059ms] [LOG] [Fast Refresh] done in 225ms @ http://localhost:3000/_next/static/chunks/0lpp_next_dist_0y3bfsx._.js:2431
[  357653ms] [LOG] [Fast Refresh] rebuilding @ http://localhost:3000/_next/static/chunks/0lpp_next_dist_0y3bfsx._.js:2431
[  357695ms] [LOG] [Fast Refresh] done in 147ms @ http://localhost:3000/_next/static/chunks/0lpp_next_dist_0y3bfsx._.js:2431
[  366876ms] [LOG] [Fast Refresh] rebuilding @ http://localhost:3000/_next/static/chunks/0lpp_next_dist_0y3bfsx._.js:2431
[  367099ms] [LOG] [Fast Refresh] done in 329ms @ http://localhost:3000/_next/static/chunks/0lpp_next_dist_0y3bfsx._.js:2431
[  368130ms] [LOG] [Fast Refresh] rebuilding @ http://localhost:3000/_next/static/chunks/0lpp_next_dist_0y3bfsx._.js:2431
[  368144ms] [LOG] [Fast Refresh] done in 88ms @ http://localhost:3000/_next/static/chunks/0lpp_next_dist_0y3bfsx._.js:2431
[  368258ms] [LOG] [Fast Refresh] rebuilding @ http://localhost:3000/_next/static/chunks/0lpp_next_dist_0y3bfsx._.js:2431
[  368345ms] [LOG] [Fast Refresh] done in 195ms @ http://localhost:3000/_next/static/chunks/0lpp_next_dist_0y3bfsx._.js:2431
[  373367ms] [LOG] [Fast Refresh] rebuilding @ http://localhost:3000/_next/static/chunks/0lpp_next_dist_0y3bfsx._.js:2431
[  373388ms] [LOG] [Fast Refresh] done in 107ms @ http://localhost:3000/_next/static/chunks/0lpp_next_dist_0y3bfsx._.js:2431
[  373494ms] [LOG] [Fast Refresh] rebuilding @ http://localhost:3000/_next/static/chunks/0lpp_next_dist_0y3bfsx._.js:2431
[  373610ms] [LOG] [Fast Refresh] done in 220ms @ http://localhost:3000/_next/static/chunks/0lpp_next_dist_0y3bfsx._.js:2431
[  384099ms] [LOG] [Fast Refresh] rebuilding @ http://localhost:3000/_next/static/chunks/0lpp_next_dist_0y3bfsx._.js:2431
[  384163ms] [LOG] [Fast Refresh] done in 168ms @ http://localhost:3000/_next/static/chunks/0lpp_next_dist_0y3bfsx._.js:2431
[  421372ms] [LOG] [Fast Refresh] rebuilding @ http://localhost:3000/_next/static/chunks/0lpp_next_dist_0y3bfsx._.js:2431
[  421374ms] [LOG] [Fast Refresh] done in 108ms @ http://localhost:3000/_next/static/chunks/0lpp_next_dist_0y3bfsx._.js:2431
[  441074ms] [LOG] [Fast Refresh] rebuilding @ http://localhost:3000/_next/static/chunks/0lpp_next_dist_0y3bfsx._.js:2431
[  441201ms] [LOG] [Fast Refresh] done in 236ms @ http://localhost:3000/_next/static/chunks/0lpp_next_dist_0y3bfsx._.js:2431
[  506751ms] [LOG] [Fast Refresh] rebuilding @ http://localhost:3000/_next/static/chunks/0lpp_next_dist_0y3bfsx._.js:2431
[  506770ms] [LOG] [Fast Refresh] done in 111ms @ http://localhost:3000/_next/static/chunks/0lpp_next_dist_0y3bfsx._.js:2431
[  506880ms] [LOG] [Fast Refresh] rebuilding @ http://localhost:3000/_next/static/chunks/0lpp_next_dist_0y3bfsx._.js:2431
[  506957ms] [LOG] [Fast Refresh] done in 183ms @ http://localhost:3000/_next/static/chunks/0lpp_next_dist_0y3bfsx._.js:2431
[  679158ms] [LOG] [Fast Refresh] rebuilding @ http://localhost:3000/_next/static/chunks/0lpp_next_dist_0y3bfsx._.js:2431
[  679267ms] [LOG] [Fast Refresh] done in 197ms @ http://localhost:3000/_next/static/chunks/0lpp_next_dist_0y3bfsx._.js:2431
[  679375ms] [LOG] [Fast Refresh] rebuilding @ http://localhost:3000/_next/static/chunks/0lpp_next_dist_0y3bfsx._.js:2431
[  679441ms] [LOG] [Fast Refresh] done in 174ms @ http://localhost:3000/_next/static/chunks/0lpp_next_dist_0y3bfsx._.js:2431
[  679562ms] [LOG] [Fast Refresh] rebuilding @ http://localhost:3000/_next/static/chunks/0lpp_next_dist_0y3bfsx._.js:2431
[  679563ms] [LOG] [Fast Refresh] done in 111ms @ http://localhost:3000/_next/static/chunks/0lpp_next_dist_0y3bfsx._.js:2431
[  685998ms] [LOG] [Fast Refresh] rebuilding @ http://localhost:3000/_next/static/chunks/0lpp_next_dist_0y3bfsx._.js:2431
[  686030ms] [LOG] [Fast Refresh] done in 131ms @ http://localhost:3000/_next/static/chunks/0lpp_next_dist_0y3bfsx._.js:2431
[  686137ms] [LOG] [Fast Refresh] rebuilding @ http://localhost:3000/_next/static/chunks/0lpp_next_dist_0y3bfsx._.js:2431
[  686198ms] [LOG] [Fast Refresh] done in 167ms @ http://localhost:3000/_next/static/chunks/0lpp_next_dist_0y3bfsx._.js:2431
[  703818ms] [LOG] [Fast Refresh] rebuilding @ http://localhost:3000/_next/static/chunks/0lpp_next_dist_0y3bfsx._.js:2431
[  703839ms] [LOG] [Fast Refresh] done in 88ms @ http://localhost:3000/_next/static/chunks/0lpp_next_dist_0y3bfsx._.js:2431
[  703942ms] [LOG] [Fast Refresh] rebuilding @ http://localhost:3000/_next/static/chunks/0lpp_next_dist_0y3bfsx._.js:2431
[  703994ms] [LOG] [Fast Refresh] done in 152ms @ http://localhost:3000/_next/static/chunks/0lpp_next_dist_0y3bfsx._.js:2431
[  704097ms] [LOG] [Fast Refresh] rebuilding @ http://localhost:3000/_next/static/chunks/0lpp_next_dist_0y3bfsx._.js:2431
[  704099ms] [LOG] [Fast Refresh] done in 104ms @ http://localhost:3000/_next/static/chunks/0lpp_next_dist_0y3bfsx._.js:2431
[  723627ms] [LOG] [Fast Refresh] rebuilding @ http://localhost:3000/_next/static/chunks/0lpp_next_dist_0y3bfsx._.js:2431
[  723640ms] [LOG] [Fast Refresh] done in 103ms @ http://localhost:3000/_next/static/chunks/0lpp_next_dist_0y3bfsx._.js:2431
[  723749ms] [LOG] [Fast Refresh] rebuilding @ http://localhost:3000/_next/static/chunks/0lpp_next_dist_0y3bfsx._.js:2431
[  723808ms] [LOG] [Fast Refresh] done in 165ms @ http://localhost:3000/_next/static/chunks/0lpp_next_dist_0y3bfsx._.js:2431
[  749423ms] [LOG] [Fast Refresh] rebuilding @ http://localhost:3000/_next/static/chunks/0lpp_next_dist_0y3bfsx._.js:2431
[  749437ms] [LOG] [Fast Refresh] done in 91ms @ http://localhost:3000/_next/static/chunks/0lpp_next_dist_0y3bfsx._.js:2431
[  749544ms] [LOG] [Fast Refresh] rebuilding @ http://localhost:3000/_next/static/chunks/0lpp_next_dist_0y3bfsx._.js:2431
[  749577ms] [LOG] [Fast Refresh] done in 138ms @ http://localhost:3000/_next/static/chunks/0lpp_next_dist_0y3bfsx._.js:2431
[  876666ms] [LOG] [Fast Refresh] rebuilding @ http://localhost:3000/_next/static/chunks/0lpp_next_dist_0y3bfsx._.js:2431
[  876694ms] [LOG] [Fast Refresh] done in 108ms @ http://localhost:3000/_next/static/chunks/0lpp_next_dist_0y3bfsx._.js:2431
[  876809ms] [LOG] [Fast Refresh] rebuilding @ http://localhost:3000/_next/static/chunks/0lpp_next_dist_0y3bfsx._.js:2431
[  876921ms] [LOG] [Fast Refresh] done in 223ms @ http://localhost:3000/_next/static/chunks/0lpp_next_dist_0y3bfsx._.js:2431
[ 1081194ms] [LOG] [Fast Refresh] rebuilding @ http://localhost:3000/_next/static/chunks/0lpp_next_dist_0y3bfsx._.js:2431
[ 1081625ms] [LOG] [Fast Refresh] done in 328ms @ http://localhost:3000/_next/static/chunks/0lpp_next_dist_0y3bfsx._.js:2431
[ 1081759ms] [LOG] [Fast Refresh] rebuilding @ http://localhost:3000/_next/static/chunks/0lpp_next_dist_0y3bfsx._.js:2431
[ 1081801ms] [LOG] [Fast Refresh] done in 152ms @ http://localhost:3000/_next/static/chunks/0lpp_next_dist_0y3bfsx._.js:2431
[ 1148782ms] [LOG] [Fast Refresh] rebuilding @ http://localhost:3000/_next/static/chunks/0lpp_next_dist_0y3bfsx._.js:2431
[ 1151867ms] [LOG] [Fast Refresh] done in 3155ms @ http://localhost:3000/_next/static/chunks/0lpp_next_dist_0y3bfsx._.js:2431
[ 1151978ms] [LOG] [Fast Refresh] rebuilding @ http://localhost:3000/_next/static/chunks/0lpp_next_dist_0y3bfsx._.js:2431
[ 1152283ms] [LOG] [Fast Refresh] done in 412ms @ http://localhost:3000/_next/static/chunks/0lpp_next_dist_0y3bfsx._.js:2431
[ 1162040ms] [LOG] [Fast Refresh] rebuilding @ http://localhost:3000/_next/static/chunks/0lpp_next_dist_0y3bfsx._.js:2431
[ 1162110ms] [LOG] [Fast Refresh] done in 172ms @ http://localhost:3000/_next/static/chunks/0lpp_next_dist_0y3bfsx._.js:2431
[ 1162225ms] [LOG] [Fast Refresh] rebuilding @ http://localhost:3000/_next/static/chunks/0lpp_next_dist_0y3bfsx._.js:2431
[ 1162283ms] [LOG] [Fast Refresh] done in 172ms @ http://localhost:3000/_next/static/chunks/0lpp_next_dist_0y3bfsx._.js:2431
[ 1162398ms] [LOG] [Fast Refresh] rebuilding @ http://localhost:3000/_next/static/chunks/0lpp_next_dist_0y3bfsx._.js:2431
[ 1162496ms] [LOG] [Fast Refresh] done in 202ms @ http://localhost:3000/_next/static/chunks/0lpp_next_dist_0y3bfsx._.js:2431
[ 1173952ms] [LOG] [Fast Refresh] rebuilding @ http://localhost:3000/_next/static/chunks/0lpp_next_dist_0y3bfsx._.js:2431
[ 1175835ms] [LOG] [Fast Refresh] done in 1994ms @ http://localhost:3000/_next/static/chunks/0lpp_next_dist_0y3bfsx._.js:2431
[ 1175944ms] [LOG] [Fast Refresh] rebuilding @ http://localhost:3000/_next/static/chunks/0lpp_next_dist_0y3bfsx._.js:2431
[ 1176030ms] [LOG] [Fast Refresh] done in 187ms @ http://localhost:3000/_next/static/chunks/0lpp_next_dist_0y3bfsx._.js:2431
[ 1176134ms] [LOG] [Fast Refresh] rebuilding @ http://localhost:3000/_next/static/chunks/0lpp_next_dist_0y3bfsx._.js:2431
[ 1176286ms] [LOG] [Fast Refresh] done in 255ms @ http://localhost:3000/_next/static/chunks/0lpp_next_dist_0y3bfsx._.js:2431
[ 1176399ms] [LOG] [Fast Refresh] rebuilding @ http://localhost:3000/_next/static/chunks/0lpp_next_dist_0y3bfsx._.js:2431
[ 1176547ms] [LOG] [Fast Refresh] done in 259ms @ http://localhost:3000/_next/static/chunks/0lpp_next_dist_0y3bfsx._.js:2431
[ 1177116ms] [INFO] %cDownload the React DevTools for a better development experience: https://react.dev/link/react-devtools font-weight:bold @ http://localhost:3000/_next/static/chunks/0lpp_next_dist_0y3bfsx._.js:2431
[ 1177178ms] [LOG] [HMR] connected @ http://localhost:3000/_next/static/chunks/0lpp_next_dist_0y3bfsx._.js:2431
[ 1187720ms] [LOG] [Fast Refresh] rebuilding @ http://localhost:3000/_next/static/chunks/0lpp_next_dist_0y3bfsx._.js:2431
[ 1187780ms] [LOG] [Fast Refresh] done in 161ms @ http://localhost:3000/_next/static/chunks/0lpp_next_dist_0y3bfsx._.js:2431
[ 1360659ms] [LOG] [Fast Refresh] rebuilding @ http://localhost:3000/_next/static/chunks/0lpp_next_dist_0y3bfsx._.js:2431
[ 1360747ms] [LOG] [Fast Refresh] done in 191ms @ http://localhost:3000/_next/static/chunks/0lpp_next_dist_0y3bfsx._.js:2431
[ 1360876ms] [LOG] [Fast Refresh] rebuilding @ http://localhost:3000/_next/static/chunks/0lpp_next_dist_0y3bfsx._.js:2431
[ 1360956ms] [LOG] [Fast Refresh] done in 186ms @ http://localhost:3000/_next/static/chunks/0lpp_next_dist_0y3bfsx._.js:2431
[ 1474790ms] [LOG] [Fast Refresh] rebuilding @ http://localhost:3000/_next/static/chunks/0lpp_next_dist_0y3bfsx._.js:2431
[ 1474794ms] [LOG] [Fast Refresh] done in 106ms @ http://localhost:3000/_next/static/chunks/0lpp_next_dist_0y3bfsx._.js:2431
[ 1480847ms] [LOG] [Fast Refresh] rebuilding @ http://localhost:3000/_next/static/chunks/0lpp_next_dist_0y3bfsx._.js:2431
[ 1481516ms] [LOG] [Fast Refresh] done in 733ms @ http://localhost:3000/_next/static/chunks/0lpp_next_dist_0y3bfsx._.js:2431
[ 1481631ms] [LOG] [Fast Refresh] rebuilding @ http://localhost:3000/_next/static/chunks/0lpp_next_dist_0y3bfsx._.js:2431
[ 1481664ms] [LOG] [Fast Refresh] done in 148ms @ http://localhost:3000/_next/static/chunks/0lpp_next_dist_0y3bfsx._.js:2431
[ 1481832ms] [LOG] [Fast Refresh] rebuilding @ http://localhost:3000/_next/static/chunks/0lpp_next_dist_0y3bfsx._.js:2431
[ 1481968ms] [LOG] [Fast Refresh] done in 246ms @ http://localhost:3000/_next/static/chunks/0lpp_next_dist_0y3bfsx._.js:2431
[ 1499603ms] [LOG] [Fast Refresh] rebuilding @ http://localhost:3000/_next/static/chunks/0lpp_next_dist_0y3bfsx._.js:2431
[ 1502109ms] [LOG] [Fast Refresh] done in 2392ms @ http://localhost:3000/_next/static/chunks/0lpp_next_dist_0y3bfsx._.js:2431
[ 1510545ms] [LOG] [Fast Refresh] rebuilding @ http://localhost:3000/_next/static/chunks/0lpp_next_dist_0y3bfsx._.js:2431
[ 1510606ms] [LOG] [Fast Refresh] done in 175ms @ http://localhost:3000/_next/static/chunks/0lpp_next_dist_0y3bfsx._.js:2431
[ 1510712ms] [LOG] [Fast Refresh] rebuilding @ http://localhost:3000/_next/static/chunks/0lpp_next_dist_0y3bfsx._.js:2431
[ 1510843ms] [LOG] [Fast Refresh] done in 235ms @ http://localhost:3000/_next/static/chunks/0lpp_next_dist_0y3bfsx._.js:2431
[ 1523975ms] [LOG] [Fast Refresh] rebuilding @ http://localhost:3000/_next/static/chunks/0lpp_next_dist_0y3bfsx._.js:2431
[ 1524275ms] [LOG] [Fast Refresh] done in 155ms @ http://localhost:3000/_next/static/chunks/0lpp_next_dist_0y3bfsx._.js:2431
[ 1524394ms] [LOG] [Fast Refresh] rebuilding @ http://localhost:3000/_next/static/chunks/0lpp_next_dist_0y3bfsx._.js:2431
[ 1524455ms] [LOG] [Fast Refresh] done in 168ms @ http://localhost:3000/_next/static/chunks/0lpp_next_dist_0y3bfsx._.js:2431
[ 1538805ms] [LOG] [Fast Refresh] rebuilding @ http://localhost:3000/_next/static/chunks/0lpp_next_dist_0y3bfsx._.js:2431
[ 1538821ms] [LOG] [Fast Refresh] done in 127ms @ http://localhost:3000/_next/static/chunks/0lpp_next_dist_0y3bfsx._.js:2431
[ 1548575ms] [LOG] [Fast Refresh] rebuilding @ http://localhost:3000/_next/static/chunks/0lpp_next_dist_0y3bfsx._.js:2431
[ 1548675ms] [LOG] [Fast Refresh] done in 216ms @ http://localhost:3000/_next/static/chunks/0lpp_next_dist_0y3bfsx._.js:2431
[ 1549096ms] [LOG] [Fast Refresh] rebuilding @ http://localhost:3000/_next/static/chunks/0lpp_next_dist_0y3bfsx._.js:2431
[ 1549174ms] [LOG] [Fast Refresh] done in 183ms @ http://localhost:3000/_next/static/chunks/0lpp_next_dist_0y3bfsx._.js:2431
[ 1556803ms] [LOG] [Fast Refresh] rebuilding @ http://localhost:3000/_next/static/chunks/0lpp_next_dist_0y3bfsx._.js:2431
[ 1556880ms] [LOG] [Fast Refresh] done in 190ms @ http://localhost:3000/_next/static/chunks/0lpp_next_dist_0y3bfsx._.js:2431
[ 1639812ms] [LOG] [Fast Refresh] rebuilding @ http://localhost:3000/_next/static/chunks/0lpp_next_dist_0y3bfsx._.js:2431
[ 1639965ms] [LOG] [Fast Refresh] done in 244ms @ http://localhost:3000/_next/static/chunks/0lpp_next_dist_0y3bfsx._.js:2431
[ 1640076ms] [LOG] [Fast Refresh] rebuilding @ http://localhost:3000/_next/static/chunks/0lpp_next_dist_0y3bfsx._.js:2431
[ 1640081ms] [LOG] [Fast Refresh] done in 115ms @ http://localhost:3000/_next/static/chunks/0lpp_next_dist_0y3bfsx._.js:2431
[ 1644970ms] [LOG] [Fast Refresh] rebuilding @ http://localhost:3000/_next/static/chunks/0lpp_next_dist_0y3bfsx._.js:2431
[ 1644983ms] [LOG] [Fast Refresh] done in 116ms @ http://localhost:3000/_next/static/chunks/0lpp_next_dist_0y3bfsx._.js:2431
[ 1645096ms] [LOG] [Fast Refresh] rebuilding @ http://localhost:3000/_next/static/chunks/0lpp_next_dist_0y3bfsx._.js:2431
[ 1645107ms] [LOG] [Fast Refresh] done in 119ms @ http://localhost:3000/_next/static/chunks/0lpp_next_dist_0y3bfsx._.js:2431
[ 1650988ms] [LOG] [Fast Refresh] rebuilding @ http://localhost:3000/_next/static/chunks/0lpp_next_dist_0y3bfsx._.js:2431
[ 1651008ms] [LOG] [Fast Refresh] done in 104ms @ http://localhost:3000/_next/static/chunks/0lpp_next_dist_0y3bfsx._.js:2431
[ 1651112ms] [LOG] [Fast Refresh] rebuilding @ http://localhost:3000/_next/static/chunks/0lpp_next_dist_0y3bfsx._.js:2431
[ 1651136ms] [LOG] [Fast Refresh] done in 126ms @ http://localhost:3000/_next/static/chunks/0lpp_next_dist_0y3bfsx._.js:2431
[ 1658009ms] [LOG] [Fast Refresh] rebuilding @ http://localhost:3000/_next/static/chunks/0lpp_next_dist_0y3bfsx._.js:2431
[ 1658026ms] [LOG] [Fast Refresh] done in 112ms @ http://localhost:3000/_next/static/chunks/0lpp_next_dist_0y3bfsx._.js:2431
[ 1658135ms] [LOG] [Fast Refresh] rebuilding @ http://localhost:3000/_next/static/chunks/0lpp_next_dist_0y3bfsx._.js:2431
[ 1658145ms] [LOG] [Fast Refresh] done in 117ms @ http://localhost:3000/_next/static/chunks/0lpp_next_dist_0y3bfsx._.js:2431
[ 1686101ms] [LOG] [Fast Refresh] rebuilding @ http://localhost:3000/_next/static/chunks/0lpp_next_dist_0y3bfsx._.js:2431
[ 1686122ms] [LOG] [Fast Refresh] done in 117ms @ http://localhost:3000/_next/static/chunks/0lpp_next_dist_0y3bfsx._.js:2431
[ 1686230ms] [LOG] [Fast Refresh] rebuilding @ http://localhost:3000/_next/static/chunks/0lpp_next_dist_0y3bfsx._.js:2431
[ 1686254ms] [LOG] [Fast Refresh] done in 128ms @ http://localhost:3000/_next/static/chunks/0lpp_next_dist_0y3bfsx._.js:2431
[ 1691367ms] [LOG] [Fast Refresh] rebuilding @ http://localhost:3000/_next/static/chunks/0lpp_next_dist_0y3bfsx._.js:2431
[ 1691495ms] [LOG] [Fast Refresh] done in 107ms @ http://localhost:3000/_next/static/chunks/0lpp_next_dist_0y3bfsx._.js:2431
[ 1697125ms] [LOG] [Fast Refresh] rebuilding @ http://localhost:3000/_next/static/chunks/0lpp_next_dist_0y3bfsx._.js:2431
[ 1697149ms] [LOG] [Fast Refresh] done in 120ms @ http://localhost:3000/_next/static/chunks/0lpp_next_dist_0y3bfsx._.js:2431
[ 1697255ms] [LOG] [Fast Refresh] rebuilding @ http://localhost:3000/_next/static/chunks/0lpp_next_dist_0y3bfsx._.js:2431
[ 1697256ms] [LOG] [Fast Refresh] done in 104ms @ http://localhost:3000/_next/static/chunks/0lpp_next_dist_0y3bfsx._.js:2431
[ 1702383ms] [LOG] [Fast Refresh] rebuilding @ http://localhost:3000/_next/static/chunks/0lpp_next_dist_0y3bfsx._.js:2431
[ 1702505ms] [LOG] [Fast Refresh] done in 98ms @ http://localhost:3000/_next/static/chunks/0lpp_next_dist_0y3bfsx._.js:2431
[ 1728011ms] [LOG] [Fast Refresh] rebuilding @ http://localhost:3000/_next/static/chunks/0lpp_next_dist_0y3bfsx._.js:2431
[ 1728043ms] [LOG] [Fast Refresh] done in 121ms @ http://localhost:3000/_next/static/chunks/0lpp_next_dist_0y3bfsx._.js:2431
[ 1728150ms] [LOG] [Fast Refresh] rebuilding @ http://localhost:3000/_next/static/chunks/0lpp_next_dist_0y3bfsx._.js:2431
[ 1728181ms] [LOG] [Fast Refresh] done in 137ms @ http://localhost:3000/_next/static/chunks/0lpp_next_dist_0y3bfsx._.js:2431
[ 1756827ms] [LOG] [Fast Refresh] rebuilding @ http://localhost:3000/_next/static/chunks/0lpp_next_dist_0y3bfsx._.js:2431
[ 1756844ms] [LOG] [Fast Refresh] done in 109ms @ http://localhost:3000/_next/static/chunks/0lpp_next_dist_0y3bfsx._.js:2431
[ 1756948ms] [LOG] [Fast Refresh] rebuilding @ http://localhost:3000/_next/static/chunks/0lpp_next_dist_0y3bfsx._.js:2431
[ 1756988ms] [LOG] [Fast Refresh] done in 141ms @ http://localhost:3000/_next/static/chunks/0lpp_next_dist_0y3bfsx._.js:2431
[ 1780580ms] [LOG] [Fast Refresh] rebuilding @ http://localhost:3000/_next/static/chunks/0lpp_next_dist_0y3bfsx._.js:2431
[ 1780603ms] [LOG] [Fast Refresh] done in 116ms @ http://localhost:3000/_next/static/chunks/0lpp_next_dist_0y3bfsx._.js:2431
[ 1780714ms] [LOG] [Fast Refresh] rebuilding @ http://localhost:3000/_next/static/chunks/0lpp_next_dist_0y3bfsx._.js:2431
[ 1780745ms] [LOG] [Fast Refresh] done in 139ms @ http://localhost:3000/_next/static/chunks/0lpp_next_dist_0y3bfsx._.js:2431
[ 1816106ms] [LOG] [Fast Refresh] rebuilding @ http://localhost:3000/_next/static/chunks/0lpp_next_dist_0y3bfsx._.js:2431
[ 1816126ms] [LOG] [Fast Refresh] done in 107ms @ http://localhost:3000/_next/static/chunks/0lpp_next_dist_0y3bfsx._.js:2431
[ 1816240ms] [LOG] [Fast Refresh] rebuilding @ http://localhost:3000/_next/static/chunks/0lpp_next_dist_0y3bfsx._.js:2431
[ 1816300ms] [LOG] [Fast Refresh] done in 171ms @ http://localhost:3000/_next/static/chunks/0lpp_next_dist_0y3bfsx._.js:2431
[ 1920210ms] [LOG] [Fast Refresh] rebuilding @ http://localhost:3000/_next/static/chunks/0lpp_next_dist_0y3bfsx._.js:2431
[ 1920231ms] [LOG] [Fast Refresh] done in 110ms @ http://localhost:3000/_next/static/chunks/0lpp_next_dist_0y3bfsx._.js:2431
[ 1920335ms] [LOG] [Fast Refresh] rebuilding @ http://localhost:3000/_next/static/chunks/0lpp_next_dist_0y3bfsx._.js:2431
[ 1920398ms] [LOG] [Fast Refresh] done in 163ms @ http://localhost:3000/_next/static/chunks/0lpp_next_dist_0y3bfsx._.js:2431
[ 1953505ms] [LOG] [Fast Refresh] rebuilding @ http://localhost:3000/_next/static/chunks/0lpp_next_dist_0y3bfsx._.js:2431
[ 1953527ms] [LOG] [Fast Refresh] done in 121ms @ http://localhost:3000/_next/static/chunks/0lpp_next_dist_0y3bfsx._.js:2431
[ 1953627ms] [LOG] [Fast Refresh] rebuilding @ http://localhost:3000/_next/static/chunks/0lpp_next_dist_0y3bfsx._.js:2431
[ 1953670ms] [LOG] [Fast Refresh] done in 143ms @ http://localhost:3000/_next/static/chunks/0lpp_next_dist_0y3bfsx._.js:2431
[ 1967207ms] [LOG] [Fast Refresh] rebuilding @ http://localhost:3000/_next/static/chunks/0lpp_next_dist_0y3bfsx._.js:2431
[ 1967325ms] [LOG] [Fast Refresh] done in 101ms @ http://localhost:3000/_next/static/chunks/0lpp_next_dist_0y3bfsx._.js:2431
[ 1986060ms] [LOG] [Fast Refresh] rebuilding @ http://localhost:3000/_next/static/chunks/0lpp_next_dist_0y3bfsx._.js:2431
[ 1986229ms] [LOG] [Fast Refresh] done in 109ms @ http://localhost:3000/_next/static/chunks/0lpp_next_dist_0y3bfsx._.js:2431
[ 2011375ms] [LOG] [Fast Refresh] rebuilding @ http://localhost:3000/_next/static/chunks/0lpp_next_dist_0y3bfsx._.js:2431
[ 2011394ms] [LOG] [Fast Refresh] done in 107ms @ http://localhost:3000/_next/static/chunks/0lpp_next_dist_0y3bfsx._.js:2431
[ 2011502ms] [LOG] [Fast Refresh] rebuilding @ http://localhost:3000/_next/static/chunks/0lpp_next_dist_0y3bfsx._.js:2431
[ 2011516ms] [LOG] [Fast Refresh] done in 119ms @ http://localhost:3000/_next/static/chunks/0lpp_next_dist_0y3bfsx._.js:2431
[ 2029501ms] [LOG] [Fast Refresh] rebuilding @ http://localhost:3000/_next/static/chunks/0lpp_next_dist_0y3bfsx._.js:2431
[ 2029520ms] [LOG] [Fast Refresh] done in 122ms @ http://localhost:3000/_next/static/chunks/0lpp_next_dist_0y3bfsx._.js:2431
[ 2029625ms] [LOG] [Fast Refresh] rebuilding @ http://localhost:3000/_next/static/chunks/0lpp_next_dist_0y3bfsx._.js:2431
[ 2029669ms] [LOG] [Fast Refresh] done in 147ms @ http://localhost:3000/_next/static/chunks/0lpp_next_dist_0y3bfsx._.js:2431
[ 2054448ms] [LOG] [Fast Refresh] rebuilding @ http://localhost:3000/_next/static/chunks/0lpp_next_dist_0y3bfsx._.js:2431
[ 2054464ms] [LOG] [Fast Refresh] done in 102ms @ http://localhost:3000/_next/static/chunks/0lpp_next_dist_0y3bfsx._.js:2431
[ 2068971ms] [LOG] [Fast Refresh] rebuilding @ http://localhost:3000/_next/static/chunks/0lpp_next_dist_0y3bfsx._.js:2431
[ 2068989ms] [LOG] [Fast Refresh] done in 98ms @ http://localhost:3000/_next/static/chunks/0lpp_next_dist_0y3bfsx._.js:2431
[ 2069092ms] [LOG] [Fast Refresh] rebuilding @ http://localhost:3000/_next/static/chunks/0lpp_next_dist_0y3bfsx._.js:2431
[ 2069115ms] [LOG] [Fast Refresh] done in 125ms @ http://localhost:3000/_next/static/chunks/0lpp_next_dist_0y3bfsx._.js:2431
[ 2084027ms] [LOG] [Fast Refresh] rebuilding @ http://localhost:3000/_next/static/chunks/0lpp_next_dist_0y3bfsx._.js:2431
[ 2084215ms] [LOG] [Fast Refresh] done in 98ms @ http://localhost:3000/_next/static/chunks/0lpp_next_dist_0y3bfsx._.js:2431
[ 2099470ms] [LOG] [Fast Refresh] rebuilding @ http://localhost:3000/_next/static/chunks/0lpp_next_dist_0y3bfsx._.js:2431
[ 2099482ms] [LOG] [Fast Refresh] done in 96ms @ http://localhost:3000/_next/static/chunks/0lpp_next_dist_0y3bfsx._.js:2431
[ 2099589ms] [LOG] [Fast Refresh] rebuilding @ http://localhost:3000/_next/static/chunks/0lpp_next_dist_0y3bfsx._.js:2431
[ 2099649ms] [LOG] [Fast Refresh] done in 166ms @ http://localhost:3000/_next/static/chunks/0lpp_next_dist_0y3bfsx._.js:2431
[ 2121088ms] [LOG] [Fast Refresh] rebuilding @ http://localhost:3000/_next/static/chunks/0lpp_next_dist_0y3bfsx._.js:2431
[ 2121113ms] [LOG] [Fast Refresh] done in 115ms @ http://localhost:3000/_next/static/chunks/0lpp_next_dist_0y3bfsx._.js:2431
[ 2121228ms] [LOG] [Fast Refresh] rebuilding @ http://localhost:3000/_next/static/chunks/0lpp_next_dist_0y3bfsx._.js:2431
[ 2121242ms] [LOG] [Fast Refresh] done in 127ms @ http://localhost:3000/_next/static/chunks/0lpp_next_dist_0y3bfsx._.js:2431
[ 2132892ms] [LOG] [Fast Refresh] rebuilding @ http://localhost:3000/_next/static/chunks/0lpp_next_dist_0y3bfsx._.js:2431
[ 2132918ms] [LOG] [Fast Refresh] done in 99ms @ http://localhost:3000/_next/static/chunks/0lpp_next_dist_0y3bfsx._.js:2431
[ 2133025ms] [LOG] [Fast Refresh] rebuilding @ http://localhost:3000/_next/static/chunks/0lpp_next_dist_0y3bfsx._.js:2431
[ 2133060ms] [LOG] [Fast Refresh] done in 141ms @ http://localhost:3000/_next/static/chunks/0lpp_next_dist_0y3bfsx._.js:2431
[ 2148752ms] [LOG] [Fast Refresh] rebuilding @ http://localhost:3000/_next/static/chunks/0lpp_next_dist_0y3bfsx._.js:2431
[ 2148768ms] [LOG] [Fast Refresh] done in 92ms @ http://localhost:3000/_next/static/chunks/0lpp_next_dist_0y3bfsx._.js:2431
[ 2148875ms] [LOG] [Fast Refresh] rebuilding @ http://localhost:3000/_next/static/chunks/0lpp_next_dist_0y3bfsx._.js:2431
[ 2148902ms] [LOG] [Fast Refresh] done in 130ms @ http://localhost:3000/_next/static/chunks/0lpp_next_dist_0y3bfsx._.js:2431
[ 2166847ms] [LOG] [Fast Refresh] rebuilding @ http://localhost:3000/_next/static/chunks/0lpp_next_dist_0y3bfsx._.js:2431
[ 2166871ms] [LOG] [Fast Refresh] done in 122ms @ http://localhost:3000/_next/static/chunks/0lpp_next_dist_0y3bfsx._.js:2431
[ 2166986ms] [LOG] [Fast Refresh] rebuilding @ http://localhost:3000/_next/static/chunks/0lpp_next_dist_0y3bfsx._.js:2431
[ 2167010ms] [LOG] [Fast Refresh] done in 135ms @ http://localhost:3000/_next/static/chunks/0lpp_next_dist_0y3bfsx._.js:2431
[ 2182717ms] [LOG] [Fast Refresh] rebuilding @ http://localhost:3000/_next/static/chunks/0lpp_next_dist_0y3bfsx._.js:2431
[ 2182733ms] [LOG] [Fast Refresh] done in 103ms @ http://localhost:3000/_next/static/chunks/0lpp_next_dist_0y3bfsx._.js:2431
[ 2182847ms] [LOG] [Fast Refresh] rebuilding @ http://localhost:3000/_next/static/chunks/0lpp_next_dist_0y3bfsx._.js:2431
[ 2182885ms] [LOG] [Fast Refresh] done in 152ms @ http://localhost:3000/_next/static/chunks/0lpp_next_dist_0y3bfsx._.js:2431
[ 2228237ms] [LOG] [Fast Refresh] rebuilding @ http://localhost:3000/_next/static/chunks/0lpp_next_dist_0y3bfsx._.js:2431
[ 2228426ms] [LOG] [Fast Refresh] done in 286ms @ http://localhost:3000/_next/static/chunks/0lpp_next_dist_0y3bfsx._.js:2431
[ 2228529ms] [LOG] [Fast Refresh] rebuilding @ http://localhost:3000/_next/static/chunks/0lpp_next_dist_0y3bfsx._.js:2431
[ 2228555ms] [LOG] [Fast Refresh] done in 129ms @ http://localhost:3000/_next/static/chunks/0lpp_next_dist_0y3bfsx._.js:2431
[ 2228670ms] [LOG] [Fast Refresh] rebuilding @ http://localhost:3000/_next/static/chunks/0lpp_next_dist_0y3bfsx._.js:2431
[ 2228680ms] [LOG] [Fast Refresh] done in 113ms @ http://localhost:3000/_next/static/chunks/0lpp_next_dist_0y3bfsx._.js:2431
[ 2266138ms] [LOG] [Fast Refresh] rebuilding @ http://localhost:3000/_next/static/chunks/0lpp_next_dist_0y3bfsx._.js:2431
[ 2266203ms] [LOG] [Fast Refresh] done in 166ms @ http://localhost:3000/_next/static/chunks/0lpp_next_dist_0y3bfsx._.js:2431
[ 2352944ms] [LOG] [Fast Refresh] rebuilding @ http://localhost:3000/_next/static/chunks/0lpp_next_dist_0y3bfsx._.js:2431
[ 2353895ms] [LOG] [Fast Refresh] done in 979ms @ http://localhost:3000/_next/static/chunks/0lpp_next_dist_0y3bfsx._.js:2431
[ 2353997ms] [LOG] [Fast Refresh] rebuilding @ http://localhost:3000/_next/static/chunks/0lpp_next_dist_0y3bfsx._.js:2431
[ 2354069ms] [LOG] [Fast Refresh] done in 174ms @ http://localhost:3000/_next/static/chunks/0lpp_next_dist_0y3bfsx._.js:2431
[ 2354180ms] [LOG] [Fast Refresh] rebuilding @ http://localhost:3000/_next/static/chunks/0lpp_next_dist_0y3bfsx._.js:2431
[ 2354267ms] [LOG] [Fast Refresh] done in 188ms @ http://localhost:3000/_next/static/chunks/0lpp_next_dist_0y3bfsx._.js:2431
[ 2536207ms] [LOG] [Fast Refresh] rebuilding @ http://localhost:3000/_next/static/chunks/0lpp_next_dist_0y3bfsx._.js:2431
[ 2536699ms] [LOG] [Fast Refresh] done in 582ms @ http://localhost:3000/_next/static/chunks/0lpp_next_dist_0y3bfsx._.js:2431
[ 2536825ms] [LOG] [Fast Refresh] rebuilding @ http://localhost:3000/_next/static/chunks/0lpp_next_dist_0y3bfsx._.js:2431
[ 2537254ms] [LOG] [Fast Refresh] done in 531ms @ http://localhost:3000/_next/static/chunks/0lpp_next_dist_0y3bfsx._.js:2431
[ 2537362ms] [LOG] [Fast Refresh] rebuilding @ http://localhost:3000/_next/static/chunks/0lpp_next_dist_0y3bfsx._.js:2431
[ 2537425ms] [LOG] [Fast Refresh] done in 164ms @ http://localhost:3000/_next/static/chunks/0lpp_next_dist_0y3bfsx._.js:2431
