[     132ms] [LOG] [Fast Refresh] rebuilding @ http://localhost:3000/_next/static/chunks/0lpp_next_dist_0y3bfsx._.js:2431
[     232ms] [LOG] [Fast Refresh] done in 211ms @ http://localhost:3000/_next/static/chunks/0lpp_next_dist_0y3bfsx._.js:2431
[     360ms] [INFO] %cDownload the React DevTools for a better development experience: https://react.dev/link/react-devtools font-weight:bold @ http://localhost:3000/_next/static/chunks/0lpp_next_dist_0y3bfsx._.js:2431
[     398ms] [LOG] [HMR] connected @ http://localhost:3000/_next/static/chunks/0lpp_next_dist_0y3bfsx._.js:2431
[   40166ms] [LOG] [Fast Refresh] rebuilding @ http://localhost:3000/_next/static/chunks/0lpp_next_dist_0y3bfsx._.js:2431
[   40895ms] [LOG] [Fast Refresh] done in 836ms @ http://localhost:3000/_next/static/chunks/0lpp_next_dist_0y3bfsx._.js:2431
[   41002ms] [LOG] [Fast Refresh] rebuilding @ http://localhost:3000/_next/static/chunks/0lpp_next_dist_0y3bfsx._.js:2431
[   41177ms] [LOG] [Fast Refresh] done in 280ms @ http://localhost:3000/_next/static/chunks/0lpp_next_dist_0y3bfsx._.js:2431
[   55782ms] [LOG] [Fast Refresh] rebuilding @ http://localhost:3000/_next/static/chunks/0lpp_next_dist_0y3bfsx._.js:2431
[   55826ms] [LOG] [Fast Refresh] done in 143ms @ http://localhost:3000/_next/static/chunks/0lpp_next_dist_0y3bfsx._.js:2431
[   55937ms] [LOG] [Fast Refresh] rebuilding @ http://localhost:3000/_next/static/chunks/0lpp_next_dist_0y3bfsx._.js:2431
[   56124ms] [LOG] [Fast Refresh] done in 295ms @ http://localhost:3000/_next/static/chunks/0lpp_next_dist_0y3bfsx._.js:2431
[  845280ms] [LOG] [Fast Refresh] rebuilding @ http://localhost:3000/_next/static/chunks/0lpp_next_dist_0y3bfsx._.js:2431
[  845696ms] [LOG] [Fast Refresh] done in 495ms @ http://localhost:3000/_next/static/chunks/0lpp_next_dist_0y3bfsx._.js:2431
[  845916ms] [LOG] [Fast Refresh] rebuilding @ http://localhost:3000/_next/static/chunks/0lpp_next_dist_0y3bfsx._.js:2431
[  846220ms] [LOG] [Fast Refresh] done in 413ms @ http://localhost:3000/_next/static/chunks/0lpp_next_dist_0y3bfsx._.js:2431
[  881313ms] [LOG] [Fast Refresh] rebuilding @ http://localhost:3000/_next/static/chunks/0lpp_next_dist_0y3bfsx._.js:2431
[  881325ms] [LOG] [Fast Refresh] done in 109ms @ http://localhost:3000/_next/static/chunks/0lpp_next_dist_0y3bfsx._.js:2431
[  881442ms] [LOG] [Fast Refresh] rebuilding @ http://localhost:3000/_next/static/chunks/0lpp_next_dist_0y3bfsx._.js:2431
[  881512ms] [LOG] [Fast Refresh] done in 182ms @ http://localhost:3000/_next/static/chunks/0lpp_next_dist_0y3bfsx._.js:2431
[  887235ms] [LOG] [Fast Refresh] rebuilding @ http://localhost:3000/_next/static/chunks/0lpp_next_dist_0y3bfsx._.js:2431
[  887366ms] [LOG] [Fast Refresh] done in 240ms @ http://localhost:3000/_next/static/chunks/0lpp_next_dist_0y3bfsx._.js:2431
[  887467ms] [LOG] [Fast Refresh] rebuilding @ http://localhost:3000/_next/static/chunks/0lpp_next_dist_0y3bfsx._.js:2431
[  887612ms] [LOG] [Fast Refresh] done in 245ms @ http://localhost:3000/_next/static/chunks/0lpp_next_dist_0y3bfsx._.js:2431
[  904322ms] [LOG] [Fast Refresh] rebuilding @ http://localhost:3000/_next/static/chunks/0lpp_next_dist_0y3bfsx._.js:2431
[  904382ms] [LOG] [Fast Refresh] done in 175ms @ http://localhost:3000/_next/static/chunks/0lpp_next_dist_0y3bfsx._.js:2431
[  904494ms] [LOG] [Fast Refresh] rebuilding @ http://localhost:3000/_next/static/chunks/0lpp_next_dist_0y3bfsx._.js:2431
[  904701ms] [LOG] [Fast Refresh] done in 315ms @ http://localhost:3000/_next/static/chunks/0lpp_next_dist_0y3bfsx._.js:2431
[  951273ms] [LOG] [Fast Refresh] rebuilding @ http://localhost:3000/_next/static/chunks/0lpp_next_dist_0y3bfsx._.js:2431
[  951287ms] [LOG] [Fast Refresh] done in 102ms @ http://localhost:3000/_next/static/chunks/0lpp_next_dist_0y3bfsx._.js:2431
[  951395ms] [LOG] [Fast Refresh] rebuilding @ http://localhost:3000/_next/static/chunks/0lpp_next_dist_0y3bfsx._.js:2431
[  951426ms] [LOG] [Fast Refresh] done in 134ms @ http://localhost:3000/_next/static/chunks/0lpp_next_dist_0y3bfsx._.js:2431
