[     218ms] [LOG] [Fast Refresh] rebuilding @ http://localhost:3000/_next/static/chunks/0lpp_next_dist_0y3bfsx._.js:2431
[     261ms] [LOG] [Fast Refresh] done in 149ms @ http://localhost:3000/_next/static/chunks/0lpp_next_dist_0y3bfsx._.js:2431
[     486ms] [INFO] %cDownload the React DevTools for a better development experience: https://react.dev/link/react-devtools font-weight:bold @ http://localhost:3000/_next/static/chunks/0lpp_next_dist_0y3bfsx._.js:2431
[     518ms] [LOG] [HMR] connected @ http://localhost:3000/_next/static/chunks/0lpp_next_dist_0y3bfsx._.js:2431
[    5367ms] [LOG] [Fast Refresh] rebuilding @ http://localhost:3000/_next/static/chunks/0lpp_next_dist_0y3bfsx._.js:2431
[    5585ms] [LOG] [Fast Refresh] done in 319ms @ http://localhost:3000/_next/static/chunks/0lpp_next_dist_0y3bfsx._.js:2431
[   60875ms] [LOG] [Fast Refresh] rebuilding @ http://localhost:3000/_next/static/chunks/0lpp_next_dist_0y3bfsx._.js:2431
[   62624ms] [LOG] [Fast Refresh] done in 1826ms @ http://localhost:3000/_next/static/chunks/0lpp_next_dist_0y3bfsx._.js:2431
[   62744ms] [LOG] [Fast Refresh] rebuilding @ http://localhost:3000/_next/static/chunks/0lpp_next_dist_0y3bfsx._.js:2431
[   63235ms] [LOG] [Fast Refresh] done in 602ms @ http://localhost:3000/_next/static/chunks/0lpp_next_dist_0y3bfsx._.js:2431
[   63349ms] [LOG] [Fast Refresh] rebuilding @ http://localhost:3000/_next/static/chunks/0lpp_next_dist_0y3bfsx._.js:2431
[   63349ms] [LOG] [Fast Refresh] done in 102ms @ http://localhost:3000/_next/static/chunks/0lpp_next_dist_0y3bfsx._.js:2431
[   63515ms] [LOG] [Fast Refresh] rebuilding @ http://localhost:3000/_next/static/chunks/0lpp_next_dist_0y3bfsx._.js:2431
[   63541ms] [LOG] [Fast Refresh] done in 126ms @ http://localhost:3000/_next/static/chunks/0lpp_next_dist_0y3bfsx._.js:2431
[   70057ms] [LOG] [Fast Refresh] rebuilding @ http://localhost:3000/_next/static/chunks/0lpp_next_dist_0y3bfsx._.js:2431
[   70138ms] [LOG] [Fast Refresh] done in 167ms @ http://localhost:3000/_next/static/chunks/0lpp_next_dist_0y3bfsx._.js:2431
[   70243ms] [LOG] [Fast Refresh] rebuilding @ http://localhost:3000/_next/static/chunks/0lpp_next_dist_0y3bfsx._.js:2431
[   70484ms] [LOG] [Fast Refresh] done in 345ms @ http://localhost:3000/_next/static/chunks/0lpp_next_dist_0y3bfsx._.js:2431
[   70733ms] [LOG] [Fast Refresh] rebuilding @ http://localhost:3000/_next/static/chunks/0lpp_next_dist_0y3bfsx._.js:2431
[   70750ms] [LOG] [Fast Refresh] done in 121ms @ http://localhost:3000/_next/static/chunks/0lpp_next_dist_0y3bfsx._.js:2431
