[  174597ms] [WARNING] An iframe which has both allow-scripts and allow-same-origin for its sandbox attribute can escape its sandboxing. @ http://localhost:3000/apex/velo-decode.html:0
[  174652ms] [INFO] %cDownload the React DevTools for a better development experience: https://react.dev/link/react-devtools font-weight:bold @ http://localhost:3000/_next/static/chunks/0lpp_next_dist_0y3bfsx._.js:2431
[  174708ms] [LOG] [HMR] connected @ http://localhost:3000/_next/static/chunks/0lpp_next_dist_0y3bfsx._.js:2431
[  183223ms] [INFO] %cDownload the React DevTools for a better development experience: https://react.dev/link/react-devtools font-weight:bold @ http://localhost:3000/_next/static/chunks/0lpp_next_dist_0y3bfsx._.js:2431
[  183232ms] [WARNING] An iframe which has both allow-scripts and allow-same-origin for its sandbox attribute can escape its sandboxing. @ http://localhost:3000/apex/velo-decode.html:0
[  183242ms] [LOG] [HMR] connected @ http://localhost:3000/_next/static/chunks/0lpp_next_dist_0y3bfsx._.js:2431
[  513265ms] [LOG] [Fast Refresh] rebuilding @ http://localhost:3000/_next/static/chunks/0lpp_next_dist_0y3bfsx._.js:2431
[  513485ms] Error: Internal Next.js error: Router action dispatched before initialization.
    at dispatchAppRouterAction (http://localhost:3000/_next/static/chunks/0lpp_next_dist_client_0mhh-zm._.js:916:37)
    at http://localhost:3000/_next/static/chunks/0lpp_next_dist_client_0mhh-zm._.js:11800:61
    at startTransition (http://localhost:3000/_next/static/chunks/0lpp_next_dist_compiled_0krc2a.._.js:1279:31)
    at Object.hmrRefresh (http://localhost:3000/_next/static/chunks/0lpp_next_dist_client_0mhh-zm._.js:11799:40)
    at http://localhost:3000/_next/static/chunks/0lpp_next_dist_client_0mhh-zm._.js:13967:64
    at startTransition (http://localhost:3000/_next/static/chunks/0lpp_next_dist_compiled_0krc2a.._.js:1279:31)
    at processMessage (http://localhost:3000/_next/static/chunks/0lpp_next_dist_client_0mhh-zm._.js:13966:44)
    at WebSocket.handleMessage (http://localhost:3000/_next/static/chunks/0lpp_next_dist_client_0mhh-zm._.js:13335:52)
[  513488ms] Error: Internal Next.js error: Router action dispatched before initialization.
    at dispatchAppRouterAction (http://localhost:3000/_next/static/chunks/0lpp_next_dist_client_0mhh-zm._.js:916:37)
    at http://localhost:3000/_next/static/chunks/0lpp_next_dist_client_0mhh-zm._.js:11800:61
    at startTransition (http://localhost:3000/_next/static/chunks/0lpp_next_dist_compiled_0krc2a.._.js:1279:31)
    at Object.hmrRefresh (http://localhost:3000/_next/static/chunks/0lpp_next_dist_client_0mhh-zm._.js:11799:40)
    at http://localhost:3000/_next/static/chunks/0lpp_next_dist_client_0mhh-zm._.js:13967:64
    at startTransition (http://localhost:3000/_next/static/chunks/0lpp_next_dist_compiled_0krc2a.._.js:1279:31)
    at processMessage (http://localhost:3000/_next/static/chunks/0lpp_next_dist_client_0mhh-zm._.js:13966:44)
    at WebSocket.handleMessage (http://localhost:3000/_next/static/chunks/0lpp_next_dist_client_0mhh-zm._.js:13335:52)
[  513490ms] Error: Internal Next.js error: Router action dispatched before initialization.
    at dispatchAppRouterAction (http://localhost:3000/_next/static/chunks/0lpp_next_dist_client_0mhh-zm._.js:916:37)
    at http://localhost:3000/_next/static/chunks/0lpp_next_dist_client_0mhh-zm._.js:11800:61
    at startTransition (http://localhost:3000/_next/static/chunks/0lpp_next_dist_compiled_0krc2a.._.js:1279:31)
    at Object.hmrRefresh (http://localhost:3000/_next/static/chunks/0lpp_next_dist_client_0mhh-zm._.js:11799:40)
    at http://localhost:3000/_next/static/chunks/0lpp_next_dist_client_0mhh-zm._.js:13967:64
    at startTransition (http://localhost:3000/_next/static/chunks/0lpp_next_dist_compiled_0krc2a.._.js:1279:31)
    at processMessage (http://localhost:3000/_next/static/chunks/0lpp_next_dist_client_0mhh-zm._.js:13966:44)
    at WebSocket.handleMessage (http://localhost:3000/_next/static/chunks/0lpp_next_dist_client_0mhh-zm._.js:13335:52)
[  513490ms] Error: Internal Next.js error: Router action dispatched before initialization.
    at dispatchAppRouterAction (http://localhost:3000/_next/static/chunks/0lpp_next_dist_client_0mhh-zm._.js:916:37)
    at http://localhost:3000/_next/static/chunks/0lpp_next_dist_client_0mhh-zm._.js:11800:61
    at startTransition (http://localhost:3000/_next/static/chunks/0lpp_next_dist_compiled_0krc2a.._.js:1279:31)
    at Object.hmrRefresh (http://localhost:3000/_next/static/chunks/0lpp_next_dist_client_0mhh-zm._.js:11799:40)
    at http://localhost:3000/_next/static/chunks/0lpp_next_dist_client_0mhh-zm._.js:13967:64
    at startTransition (http://localhost:3000/_next/static/chunks/0lpp_next_dist_compiled_0krc2a.._.js:1279:31)
    at processMessage (http://localhost:3000/_next/static/chunks/0lpp_next_dist_client_0mhh-zm._.js:13966:44)
    at WebSocket.handleMessage (http://localhost:3000/_next/static/chunks/0lpp_next_dist_client_0mhh-zm._.js:13335:52)
[  513492ms] Error: Internal Next.js error: Router action dispatched before initialization.
    at dispatchAppRouterAction (http://localhost:3000/_next/static/chunks/0lpp_next_dist_client_0mhh-zm._.js:916:37)
    at http://localhost:3000/_next/static/chunks/0lpp_next_dist_client_0mhh-zm._.js:11800:61
    at startTransition (http://localhost:3000/_next/static/chunks/0lpp_next_dist_compiled_0krc2a.._.js:1279:31)
    at Object.hmrRefresh (http://localhost:3000/_next/static/chunks/0lpp_next_dist_client_0mhh-zm._.js:11799:40)
    at http://localhost:3000/_next/static/chunks/0lpp_next_dist_client_0mhh-zm._.js:13967:64
    at startTransition (http://localhost:3000/_next/static/chunks/0lpp_next_dist_compiled_0krc2a.._.js:1279:31)
    at processMessage (http://localhost:3000/_next/static/chunks/0lpp_next_dist_client_0mhh-zm._.js:13966:44)
    at WebSocket.handleMessage (http://localhost:3000/_next/static/chunks/0lpp_next_dist_client_0mhh-zm._.js:13335:52)
[  513493ms] Error: Internal Next.js error: Router action dispatched before initialization.
    at dispatchAppRouterAction (http://localhost:3000/_next/static/chunks/0lpp_next_dist_client_0mhh-zm._.js:916:37)
    at http://localhost:3000/_next/static/chunks/0lpp_next_dist_client_0mhh-zm._.js:11800:61
    at startTransition (http://localhost:3000/_next/static/chunks/0lpp_next_dist_compiled_0krc2a.._.js:1279:31)
    at Object.hmrRefresh (http://localhost:3000/_next/static/chunks/0lpp_next_dist_client_0mhh-zm._.js:11799:40)
    at http://localhost:3000/_next/static/chunks/0lpp_next_dist_client_0mhh-zm._.js:13967:64
    at startTransition (http://localhost:3000/_next/static/chunks/0lpp_next_dist_compiled_0krc2a.._.js:1279:31)
    at processMessage (http://localhost:3000/_next/static/chunks/0lpp_next_dist_client_0mhh-zm._.js:13966:44)
    at WebSocket.handleMessage (http://localhost:3000/_next/static/chunks/0lpp_next_dist_client_0mhh-zm._.js:13335:52)
[  513494ms] Error: Internal Next.js error: Router action dispatched before initialization.
    at dispatchAppRouterAction (http://localhost:3000/_next/static/chunks/0lpp_next_dist_client_0mhh-zm._.js:916:37)
    at http://localhost:3000/_next/static/chunks/0lpp_next_dist_client_0mhh-zm._.js:11800:61
    at startTransition (http://localhost:3000/_next/static/chunks/0lpp_next_dist_compiled_0krc2a.._.js:1279:31)
    at Object.hmrRefresh (http://localhost:3000/_next/static/chunks/0lpp_next_dist_client_0mhh-zm._.js:11799:40)
    at http://localhost:3000/_next/static/chunks/0lpp_next_dist_client_0mhh-zm._.js:13967:64
    at startTransition (http://localhost:3000/_next/static/chunks/0lpp_next_dist_compiled_0krc2a.._.js:1279:31)
    at processMessage (http://localhost:3000/_next/static/chunks/0lpp_next_dist_client_0mhh-zm._.js:13966:44)
    at WebSocket.handleMessage (http://localhost:3000/_next/static/chunks/0lpp_next_dist_client_0mhh-zm._.js:13335:52)
[  513496ms] Error: Internal Next.js error: Router action dispatched before initialization.
    at dispatchAppRouterAction (http://localhost:3000/_next/static/chunks/0lpp_next_dist_client_0mhh-zm._.js:916:37)
    at http://localhost:3000/_next/static/chunks/0lpp_next_dist_client_0mhh-zm._.js:11800:61
    at startTransition (http://localhost:3000/_next/static/chunks/0lpp_next_dist_compiled_0krc2a.._.js:1279:31)
    at Object.hmrRefresh (http://localhost:3000/_next/static/chunks/0lpp_next_dist_client_0mhh-zm._.js:11799:40)
    at http://localhost:3000/_next/static/chunks/0lpp_next_dist_client_0mhh-zm._.js:13967:64
    at startTransition (http://localhost:3000/_next/static/chunks/0lpp_next_dist_compiled_0krc2a.._.js:1279:31)
    at processMessage (http://localhost:3000/_next/static/chunks/0lpp_next_dist_client_0mhh-zm._.js:13966:44)
    at WebSocket.handleMessage (http://localhost:3000/_next/static/chunks/0lpp_next_dist_client_0mhh-zm._.js:13335:52)
[  513470ms] [LOG] [Fast Refresh] done in 300ms @ http://localhost:3000/_next/static/chunks/0lpp_next_dist_0y3bfsx._.js:2431
[  513590ms] [LOG] [Fast Refresh] rebuilding @ http://localhost:3000/_next/static/chunks/0lpp_next_dist_0y3bfsx._.js:2431
[  514079ms] [LOG] [Fast Refresh] done in 600ms @ http://localhost:3000/_next/static/chunks/0lpp_next_dist_0y3bfsx._.js:2431
[  514193ms] [LOG] [Fast Refresh] rebuilding @ http://localhost:3000/_next/static/chunks/0lpp_next_dist_0y3bfsx._.js:2431
[  514335ms] [LOG] [Fast Refresh] done in 246ms @ http://localhost:3000/_next/static/chunks/0lpp_next_dist_0y3bfsx._.js:2431
[  514437ms] [LOG] [Fast Refresh] rebuilding @ http://localhost:3000/_next/static/chunks/0lpp_next_dist_0y3bfsx._.js:2431
[  514777ms] [LOG] [Fast Refresh] done in 441ms @ http://localhost:3000/_next/static/chunks/0lpp_next_dist_0y3bfsx._.js:2431
[  631464ms] [LOG] [Fast Refresh] rebuilding @ http://localhost:3000/_next/static/chunks/0lpp_next_dist_0y3bfsx._.js:2431
[  631514ms] [LOG] [Fast Refresh] done in 152ms @ http://localhost:3000/_next/static/chunks/0lpp_next_dist_0y3bfsx._.js:2431
[  808636ms] [LOG] [Fast Refresh] rebuilding @ http://localhost:3000/_next/static/chunks/0lpp_next_dist_0y3bfsx._.js:2431
[  808679ms] Error: Internal Next.js error: Router action dispatched before initialization.
    at dispatchAppRouterAction (http://localhost:3000/_next/static/chunks/0lpp_next_dist_client_0mhh-zm._.js:916:37)
    at http://localhost:3000/_next/static/chunks/0lpp_next_dist_client_0mhh-zm._.js:11800:61
    at startTransition (http://localhost:3000/_next/static/chunks/0lpp_next_dist_compiled_0krc2a.._.js:1279:31)
    at Object.hmrRefresh (http://localhost:3000/_next/static/chunks/0lpp_next_dist_client_0mhh-zm._.js:11799:40)
    at http://localhost:3000/_next/static/chunks/0lpp_next_dist_client_0mhh-zm._.js:13967:64
    at startTransition (http://localhost:3000/_next/static/chunks/0lpp_next_dist_compiled_0krc2a.._.js:1279:31)
    at processMessage (http://localhost:3000/_next/static/chunks/0lpp_next_dist_client_0mhh-zm._.js:13966:44)
    at WebSocket.handleMessage (http://localhost:3000/_next/static/chunks/0lpp_next_dist_client_0mhh-zm._.js:13335:52)
[  808860ms] [LOG] [Fast Refresh] done in 163ms @ http://localhost:3000/_next/static/chunks/0lpp_next_dist_0y3bfsx._.js:2431
[  808994ms] [LOG] [Fast Refresh] rebuilding @ http://localhost:3000/_next/static/chunks/0lpp_next_dist_0y3bfsx._.js:2431
[  809137ms] [LOG] [Fast Refresh] done in 258ms @ http://localhost:3000/_next/static/chunks/0lpp_next_dist_0y3bfsx._.js:2431
[  814572ms] [LOG] [Fast Refresh] rebuilding @ http://localhost:3000/_next/static/chunks/0lpp_next_dist_0y3bfsx._.js:2431
[  814574ms] Error: Internal Next.js error: Router action dispatched before initialization.
    at dispatchAppRouterAction (http://localhost:3000/_next/static/chunks/0lpp_next_dist_client_0mhh-zm._.js:916:37)
    at http://localhost:3000/_next/static/chunks/0lpp_next_dist_client_0mhh-zm._.js:11800:61
    at startTransition (http://localhost:3000/_next/static/chunks/0lpp_next_dist_compiled_0krc2a.._.js:1279:31)
    at Object.hmrRefresh (http://localhost:3000/_next/static/chunks/0lpp_next_dist_client_0mhh-zm._.js:11799:40)
    at http://localhost:3000/_next/static/chunks/0lpp_next_dist_client_0mhh-zm._.js:13967:64
    at startTransition (http://localhost:3000/_next/static/chunks/0lpp_next_dist_compiled_0krc2a.._.js:1279:31)
    at processMessage (http://localhost:3000/_next/static/chunks/0lpp_next_dist_client_0mhh-zm._.js:13966:44)
    at WebSocket.handleMessage (http://localhost:3000/_next/static/chunks/0lpp_next_dist_client_0mhh-zm._.js:13335:52)
[  814753ms] [LOG] [Fast Refresh] done in 100ms @ http://localhost:3000/_next/static/chunks/0lpp_next_dist_0y3bfsx._.js:2431
